e:\github\3dcg\3dcg_hw3\helloglut\debug\helloglut.pch
e:\github\3dcg\3dcg_hw3\helloglut\debug\vc120.pdb
e:\github\3dcg\3dcg_hw3\helloglut\debug\vc120.idb
e:\github\3dcg\3dcg_hw3\helloglut\debug\stdafx.obj
e:\github\3dcg\3dcg_hw3\helloglut\debug\drawline.obj
e:\github\3dcg\3dcg_hw3\helloglut\debug\lab3.obj
e:\github\3dcg\3dcg_hw3\debug\helloglut.ilk
e:\github\3dcg\3dcg_hw3\debug\helloglut.exe
e:\github\3dcg\3dcg_hw3\debug\helloglut.pdb
e:\github\3dcg\3dcg_hw4\helloglut\debug\drawline.obj
e:\github\3dcg\3dcg_hw4\helloglut\debug\lab3.obj
e:\github\3dcg\3dcg_hw4\helloglut\debug\stdafx.obj
e:\github\3dcg\3dcg_hw4\helloglut\debug\helloglut.pch
e:\github\3dcg\3dcg_hw4\helloglut\debug\vc120.idb
e:\github\3dcg\3dcg_hw4\helloglut\debug\vc120.pdb
e:\github\3dcg\3dcg_hw4\debug\helloglut.pdb
e:\github\3dcg\3dcg_hw4\debug\helloglut.exe
e:\github\3dcg\3dcg_hw4\debug\helloglut.ilk
e:\github\3dcg\3dcg_hw4\helloglut\debug\helloglut.tlog\cl.command.1.tlog
e:\github\3dcg\3dcg_hw4\helloglut\debug\helloglut.tlog\cl.read.1.tlog
e:\github\3dcg\3dcg_hw4\helloglut\debug\helloglut.tlog\cl.write.1.tlog
e:\github\3dcg\3dcg_hw4\helloglut\debug\helloglut.tlog\link.command.1.tlog
e:\github\3dcg\3dcg_hw4\helloglut\debug\helloglut.tlog\link.read.1.tlog
e:\github\3dcg\3dcg_hw4\helloglut\debug\helloglut.tlog\link.write.1.tlog
